<?xml version="1.0" encoding="UTF-8"?>
<testsuite name="simulation.RandomTickSimulatorTest" tests="3" skipped="0" failures="0" errors="0" timestamp="2024-02-09T17:09:55" hostname="bartlomiej-MS-7B17" time="0.04">
  <properties/>
  <testcase name="test random tick simulator" classname="simulation.RandomTickSimulatorTest" time="0.028"/>
  <testcase name="test random tick simulator with random initial time" classname="simulation.RandomTickSimulatorTest" time="0.008"/>
  <testcase name="test random tick simulator with different time intervals" classname="simulation.RandomTickSimulatorTest" time="0.004"/>
  <system-out><![CDATA[]]></system-out>
  <system-err><![CDATA[]]></system-err>
</testsuite>
